<?xml version="1.0" encoding="UTF-8"?>
<testsuite xmlns:xsi="http://www.w3.org/2001/XMLSchema-instance" xsi:noNamespaceSchemaLocation="https://maven.apache.org/surefire/maven-surefire-plugin/xsd/surefire-test-report-3.0.xsd" version="3.0" name="org.example.AcceptanceTest" time="0.113" tests="1" errors="0" skipped="0" failures="0">
  <properties>
    <property name="java.specification.version" value="20"/>
    <property name="sun.cpu.isalist" value="amd64"/>
    <property name="sun.jnu.encoding" value="GBK"/>
    <property name="java.class.path" value="D:\下载\COMP4004\A3\backend\target\test-classes;D:\下载\COMP4004\A3\backend\target\classes;C:\Users\Administrator\.m2\repository\org\springframework\boot\spring-boot-starter-web\3.1.3\spring-boot-starter-web-3.1.3.jar;C:\Users\Administrator\.m2\repository\org\springframework\boot\spring-boot-starter\3.1.3\spring-boot-starter-3.1.3.jar;C:\Users\Administrator\.m2\repository\org\springframework\boot\spring-boot\3.1.3\spring-boot-3.1.3.jar;C:\Users\Administrator\.m2\repository\org\springframework\boot\spring-boot-autoconfigure\3.1.3\spring-boot-autoconfigure-3.1.3.jar;C:\Users\Administrator\.m2\repository\org\springframework\boot\spring-boot-starter-logging\3.1.3\spring-boot-starter-logging-3.1.3.jar;C:\Users\Administrator\.m2\repository\ch\qos\logback\logback-classic\1.4.11\logback-classic-1.4.11.jar;C:\Users\Administrator\.m2\repository\ch\qos\logback\logback-core\1.4.11\logback-core-1.4.11.jar;C:\Users\Administrator\.m2\repository\org\apache\logging\log4j\log4j-to-slf4j\2.20.0\log4j-to-slf4j-2.20.0.jar;C:\Users\Administrator\.m2\repository\org\apache\logging\log4j\log4j-api\2.20.0\log4j-api-2.20.0.jar;C:\Users\Administrator\.m2\repository\org\slf4j\jul-to-slf4j\2.0.7\jul-to-slf4j-2.0.7.jar;C:\Users\Administrator\.m2\repository\jakarta\annotation\jakarta.annotation-api\2.1.1\jakarta.annotation-api-2.1.1.jar;C:\Users\Administrator\.m2\repository\org\yaml\snakeyaml\1.33\snakeyaml-1.33.jar;C:\Users\Administrator\.m2\repository\org\springframework\boot\spring-boot-starter-json\3.1.3\spring-boot-starter-json-3.1.3.jar;C:\Users\Administrator\.m2\repository\com\fasterxml\jackson\core\jackson-databind\2.15.2\jackson-databind-2.15.2.jar;C:\Users\Administrator\.m2\repository\com\fasterxml\jackson\core\jackson-annotations\2.15.2\jackson-annotations-2.15.2.jar;C:\Users\Administrator\.m2\repository\com\fasterxml\jackson\core\jackson-core\2.15.2\jackson-core-2.15.2.jar;C:\Users\Administrator\.m2\repository\com\fasterxml\jackson\datatype\jackson-datatype-jdk8\2.15.2\jackson-datatype-jdk8-2.15.2.jar;C:\Users\Administrator\.m2\repository\com\fasterxml\jackson\datatype\jackson-datatype-jsr310\2.15.2\jackson-datatype-jsr310-2.15.2.jar;C:\Users\Administrator\.m2\repository\com\fasterxml\jackson\module\jackson-module-parameter-names\2.15.2\jackson-module-parameter-names-2.15.2.jar;C:\Users\Administrator\.m2\repository\org\springframework\boot\spring-boot-starter-tomcat\3.1.3\spring-boot-starter-tomcat-3.1.3.jar;C:\Users\Administrator\.m2\repository\org\apache\tomcat\embed\tomcat-embed-core\10.1.12\tomcat-embed-core-10.1.12.jar;C:\Users\Administrator\.m2\repository\org\apache\tomcat\embed\tomcat-embed-el\10.1.12\tomcat-embed-el-10.1.12.jar;C:\Users\Administrator\.m2\repository\org\apache\tomcat\embed\tomcat-embed-websocket\10.1.12\tomcat-embed-websocket-10.1.12.jar;C:\Users\Administrator\.m2\repository\org\springframework\spring-web\6.0.11\spring-web-6.0.11.jar;C:\Users\Administrator\.m2\repository\org\springframework\spring-beans\6.0.11\spring-beans-6.0.11.jar;C:\Users\Administrator\.m2\repository\io\micrometer\micrometer-observation\1.11.3\micrometer-observation-1.11.3.jar;C:\Users\Administrator\.m2\repository\io\micrometer\micrometer-commons\1.11.3\micrometer-commons-1.11.3.jar;C:\Users\Administrator\.m2\repository\org\springframework\spring-webmvc\6.0.11\spring-webmvc-6.0.11.jar;C:\Users\Administrator\.m2\repository\org\springframework\spring-aop\6.0.11\spring-aop-6.0.11.jar;C:\Users\Administrator\.m2\repository\org\springframework\spring-context\6.0.11\spring-context-6.0.11.jar;C:\Users\Administrator\.m2\repository\org\springframework\spring-expression\6.0.11\spring-expression-6.0.11.jar;C:\Users\Administrator\.m2\repository\org\springframework\boot\spring-boot-starter-websocket\3.1.3\spring-boot-starter-websocket-3.1.3.jar;C:\Users\Administrator\.m2\repository\org\springframework\spring-messaging\6.0.11\spring-messaging-6.0.11.jar;C:\Users\Administrator\.m2\repository\org\springframework\spring-websocket\6.0.11\spring-websocket-6.0.11.jar;C:\Users\Administrator\.m2\repository\org\springframework\boot\spring-boot-starter-test\3.1.3\spring-boot-starter-test-3.1.3.jar;C:\Users\Administrator\.m2\repository\org\springframework\boot\spring-boot-test\3.1.3\spring-boot-test-3.1.3.jar;C:\Users\Administrator\.m2\repository\org\springframework\boot\spring-boot-test-autoconfigure\3.1.3\spring-boot-test-autoconfigure-3.1.3.jar;C:\Users\Administrator\.m2\repository\com\jayway\jsonpath\json-path\2.8.0\json-path-2.8.0.jar;C:\Users\Administrator\.m2\repository\org\slf4j\slf4j-api\2.0.7\slf4j-api-2.0.7.jar;C:\Users\Administrator\.m2\repository\jakarta\xml\bind\jakarta.xml.bind-api\4.0.0\jakarta.xml.bind-api-4.0.0.jar;C:\Users\Administrator\.m2\repository\jakarta\activation\jakarta.activation-api\2.1.2\jakarta.activation-api-2.1.2.jar;C:\Users\Administrator\.m2\repository\net\minidev\json-smart\2.4.11\json-smart-2.4.11.jar;C:\Users\Administrator\.m2\repository\net\minidev\accessors-smart\2.4.11\accessors-smart-2.4.11.jar;C:\Users\Administrator\.m2\repository\org\ow2\asm\asm\9.3\asm-9.3.jar;C:\Users\Administrator\.m2\repository\org\assertj\assertj-core\3.24.2\assertj-core-3.24.2.jar;C:\Users\Administrator\.m2\repository\net\bytebuddy\byte-buddy\1.14.6\byte-buddy-1.14.6.jar;C:\Users\Administrator\.m2\repository\org\hamcrest\hamcrest\2.2\hamcrest-2.2.jar;C:\Users\Administrator\.m2\repository\org\mockito\mockito-core\5.3.1\mockito-core-5.3.1.jar;C:\Users\Administrator\.m2\repository\net\bytebuddy\byte-buddy-agent\1.14.6\byte-buddy-agent-1.14.6.jar;C:\Users\Administrator\.m2\repository\org\objenesis\objenesis\3.3\objenesis-3.3.jar;C:\Users\Administrator\.m2\repository\org\mockito\mockito-junit-jupiter\5.3.1\mockito-junit-jupiter-5.3.1.jar;C:\Users\Administrator\.m2\repository\org\skyscreamer\jsonassert\1.5.1\jsonassert-1.5.1.jar;C:\Users\Administrator\.m2\repository\com\vaadin\external\google\android-json\0.0.20131108.vaadin1\android-json-0.0.20131108.vaadin1.jar;C:\Users\Administrator\.m2\repository\org\springframework\spring-core\6.0.11\spring-core-6.0.11.jar;C:\Users\Administrator\.m2\repository\org\springframework\spring-jcl\6.0.11\spring-jcl-6.0.11.jar;C:\Users\Administrator\.m2\repository\org\springframework\spring-test\6.0.11\spring-test-6.0.11.jar;C:\Users\Administrator\.m2\repository\org\xmlunit\xmlunit-core\2.9.1\xmlunit-core-2.9.1.jar;C:\Users\Administrator\.m2\repository\org\junit\jupiter\junit-jupiter\5.11.0\junit-jupiter-5.11.0.jar;C:\Users\Administrator\.m2\repository\org\junit\jupiter\junit-jupiter-api\5.9.3\junit-jupiter-api-5.9.3.jar;C:\Users\Administrator\.m2\repository\org\opentest4j\opentest4j\1.2.0\opentest4j-1.2.0.jar;C:\Users\Administrator\.m2\repository\org\junit\platform\junit-platform-commons\1.9.3\junit-platform-commons-1.9.3.jar;C:\Users\Administrator\.m2\repository\org\junit\jupiter\junit-jupiter-params\5.9.3\junit-jupiter-params-5.9.3.jar;C:\Users\Administrator\.m2\repository\org\junit\jupiter\junit-jupiter-engine\5.9.3\junit-jupiter-engine-5.9.3.jar;C:\Users\Administrator\.m2\repository\org\junit\platform\junit-platform-engine\1.9.3\junit-platform-engine-1.9.3.jar;C:\Users\Administrator\.m2\repository\io\cucumber\cucumber-java\7.0.0\cucumber-java-7.0.0.jar;C:\Users\Administrator\.m2\repository\io\cucumber\cucumber-core\7.0.0\cucumber-core-7.0.0.jar;C:\Users\Administrator\.m2\repository\io\cucumber\cucumber-gherkin\7.0.0\cucumber-gherkin-7.0.0.jar;C:\Users\Administrator\.m2\repository\io\cucumber\cucumber-gherkin-messages\7.0.0\cucumber-gherkin-messages-7.0.0.jar;C:\Users\Administrator\.m2\repository\io\cucumber\messages\17.1.1\messages-17.1.1.jar;C:\Users\Administrator\.m2\repository\io\cucumber\tag-expressions\4.0.2\tag-expressions-4.0.2.jar;C:\Users\Administrator\.m2\repository\io\cucumber\cucumber-expressions\13.0.1\cucumber-expressions-13.0.1.jar;C:\Users\Administrator\.m2\repository\io\cucumber\datatable\7.0.0\datatable-7.0.0.jar;C:\Users\Administrator\.m2\repository\io\cucumber\cucumber-plugin\7.0.0\cucumber-plugin-7.0.0.jar;C:\Users\Administrator\.m2\repository\io\cucumber\docstring\7.0.0\docstring-7.0.0.jar;C:\Users\Administrator\.m2\repository\io\cucumber\html-formatter\17.0.0\html-formatter-17.0.0.jar;C:\Users\Administrator\.m2\repository\io\cucumber\create-meta\6.0.1\create-meta-6.0.1.jar;C:\Users\Administrator\.m2\repository\org\apiguardian\apiguardian-api\1.1.2\apiguardian-api-1.1.2.jar;C:\Users\Administrator\.m2\repository\io\cucumber\cucumber-junit\7.0.0\cucumber-junit-7.0.0.jar;C:\Users\Administrator\.m2\repository\junit\junit\4.13.2\junit-4.13.2.jar;C:\Users\Administrator\.m2\repository\org\hamcrest\hamcrest-core\2.2\hamcrest-core-2.2.jar;"/>
    <property name="java.vm.vendor" value="Oracle Corporation"/>
    <property name="sun.arch.data.model" value="64"/>
    <property name="user.variant" value=""/>
    <property name="java.vendor.url" value="https://java.oracle.com/"/>
    <property name="user.timezone" value="America/New_York"/>
    <property name="os.name" value="Windows 10"/>
    <property name="java.vm.specification.version" value="20"/>
    <property name="sun.java.launcher" value="SUN_STANDARD"/>
    <property name="user.country" value="CN"/>
    <property name="sun.boot.library.path" value="C:\Program Files (x86)\Java\jdk-20.0.2\bin"/>
    <property name="sun.java.command" value="B:\TEMP\surefire6022039999266566491\surefirebooter-20241201044634522_3.jar B:\TEMP\surefire6022039999266566491 2024-12-01T04-46-34_278-jvmRun1 surefire-20241201044634522_1tmp surefire_0-20241201044634522_2tmp"/>
    <property name="jdk.debug" value="release"/>
    <property name="surefire.test.class.path" value="D:\下载\COMP4004\A3\backend\target\test-classes;D:\下载\COMP4004\A3\backend\target\classes;C:\Users\Administrator\.m2\repository\org\springframework\boot\spring-boot-starter-web\3.1.3\spring-boot-starter-web-3.1.3.jar;C:\Users\Administrator\.m2\repository\org\springframework\boot\spring-boot-starter\3.1.3\spring-boot-starter-3.1.3.jar;C:\Users\Administrator\.m2\repository\org\springframework\boot\spring-boot\3.1.3\spring-boot-3.1.3.jar;C:\Users\Administrator\.m2\repository\org\springframework\boot\spring-boot-autoconfigure\3.1.3\spring-boot-autoconfigure-3.1.3.jar;C:\Users\Administrator\.m2\repository\org\springframework\boot\spring-boot-starter-logging\3.1.3\spring-boot-starter-logging-3.1.3.jar;C:\Users\Administrator\.m2\repository\ch\qos\logback\logback-classic\1.4.11\logback-classic-1.4.11.jar;C:\Users\Administrator\.m2\repository\ch\qos\logback\logback-core\1.4.11\logback-core-1.4.11.jar;C:\Users\Administrator\.m2\repository\org\apache\logging\log4j\log4j-to-slf4j\2.20.0\log4j-to-slf4j-2.20.0.jar;C:\Users\Administrator\.m2\repository\org\apache\logging\log4j\log4j-api\2.20.0\log4j-api-2.20.0.jar;C:\Users\Administrator\.m2\repository\org\slf4j\jul-to-slf4j\2.0.7\jul-to-slf4j-2.0.7.jar;C:\Users\Administrator\.m2\repository\jakarta\annotation\jakarta.annotation-api\2.1.1\jakarta.annotation-api-2.1.1.jar;C:\Users\Administrator\.m2\repository\org\yaml\snakeyaml\1.33\snakeyaml-1.33.jar;C:\Users\Administrator\.m2\repository\org\springframework\boot\spring-boot-starter-json\3.1.3\spring-boot-starter-json-3.1.3.jar;C:\Users\Administrator\.m2\repository\com\fasterxml\jackson\core\jackson-databind\2.15.2\jackson-databind-2.15.2.jar;C:\Users\Administrator\.m2\repository\com\fasterxml\jackson\core\jackson-annotations\2.15.2\jackson-annotations-2.15.2.jar;C:\Users\Administrator\.m2\repository\com\fasterxml\jackson\core\jackson-core\2.15.2\jackson-core-2.15.2.jar;C:\Users\Administrator\.m2\repository\com\fasterxml\jackson\datatype\jackson-datatype-jdk8\2.15.2\jackson-datatype-jdk8-2.15.2.jar;C:\Users\Administrator\.m2\repository\com\fasterxml\jackson\datatype\jackson-datatype-jsr310\2.15.2\jackson-datatype-jsr310-2.15.2.jar;C:\Users\Administrator\.m2\repository\com\fasterxml\jackson\module\jackson-module-parameter-names\2.15.2\jackson-module-parameter-names-2.15.2.jar;C:\Users\Administrator\.m2\repository\org\springframework\boot\spring-boot-starter-tomcat\3.1.3\spring-boot-starter-tomcat-3.1.3.jar;C:\Users\Administrator\.m2\repository\org\apache\tomcat\embed\tomcat-embed-core\10.1.12\tomcat-embed-core-10.1.12.jar;C:\Users\Administrator\.m2\repository\org\apache\tomcat\embed\tomcat-embed-el\10.1.12\tomcat-embed-el-10.1.12.jar;C:\Users\Administrator\.m2\repository\org\apache\tomcat\embed\tomcat-embed-websocket\10.1.12\tomcat-embed-websocket-10.1.12.jar;C:\Users\Administrator\.m2\repository\org\springframework\spring-web\6.0.11\spring-web-6.0.11.jar;C:\Users\Administrator\.m2\repository\org\springframework\spring-beans\6.0.11\spring-beans-6.0.11.jar;C:\Users\Administrator\.m2\repository\io\micrometer\micrometer-observation\1.11.3\micrometer-observation-1.11.3.jar;C:\Users\Administrator\.m2\repository\io\micrometer\micrometer-commons\1.11.3\micrometer-commons-1.11.3.jar;C:\Users\Administrator\.m2\repository\org\springframework\spring-webmvc\6.0.11\spring-webmvc-6.0.11.jar;C:\Users\Administrator\.m2\repository\org\springframework\spring-aop\6.0.11\spring-aop-6.0.11.jar;C:\Users\Administrator\.m2\repository\org\springframework\spring-context\6.0.11\spring-context-6.0.11.jar;C:\Users\Administrator\.m2\repository\org\springframework\spring-expression\6.0.11\spring-expression-6.0.11.jar;C:\Users\Administrator\.m2\repository\org\springframework\boot\spring-boot-starter-websocket\3.1.3\spring-boot-starter-websocket-3.1.3.jar;C:\Users\Administrator\.m2\repository\org\springframework\spring-messaging\6.0.11\spring-messaging-6.0.11.jar;C:\Users\Administrator\.m2\repository\org\springframework\spring-websocket\6.0.11\spring-websocket-6.0.11.jar;C:\Users\Administrator\.m2\repository\org\springframework\boot\spring-boot-starter-test\3.1.3\spring-boot-starter-test-3.1.3.jar;C:\Users\Administrator\.m2\repository\org\springframework\boot\spring-boot-test\3.1.3\spring-boot-test-3.1.3.jar;C:\Users\Administrator\.m2\repository\org\springframework\boot\spring-boot-test-autoconfigure\3.1.3\spring-boot-test-autoconfigure-3.1.3.jar;C:\Users\Administrator\.m2\repository\com\jayway\jsonpath\json-path\2.8.0\json-path-2.8.0.jar;C:\Users\Administrator\.m2\repository\org\slf4j\slf4j-api\2.0.7\slf4j-api-2.0.7.jar;C:\Users\Administrator\.m2\repository\jakarta\xml\bind\jakarta.xml.bind-api\4.0.0\jakarta.xml.bind-api-4.0.0.jar;C:\Users\Administrator\.m2\repository\jakarta\activation\jakarta.activation-api\2.1.2\jakarta.activation-api-2.1.2.jar;C:\Users\Administrator\.m2\repository\net\minidev\json-smart\2.4.11\json-smart-2.4.11.jar;C:\Users\Administrator\.m2\repository\net\minidev\accessors-smart\2.4.11\accessors-smart-2.4.11.jar;C:\Users\Administrator\.m2\repository\org\ow2\asm\asm\9.3\asm-9.3.jar;C:\Users\Administrator\.m2\repository\org\assertj\assertj-core\3.24.2\assertj-core-3.24.2.jar;C:\Users\Administrator\.m2\repository\net\bytebuddy\byte-buddy\1.14.6\byte-buddy-1.14.6.jar;C:\Users\Administrator\.m2\repository\org\hamcrest\hamcrest\2.2\hamcrest-2.2.jar;C:\Users\Administrator\.m2\repository\org\mockito\mockito-core\5.3.1\mockito-core-5.3.1.jar;C:\Users\Administrator\.m2\repository\net\bytebuddy\byte-buddy-agent\1.14.6\byte-buddy-agent-1.14.6.jar;C:\Users\Administrator\.m2\repository\org\objenesis\objenesis\3.3\objenesis-3.3.jar;C:\Users\Administrator\.m2\repository\org\mockito\mockito-junit-jupiter\5.3.1\mockito-junit-jupiter-5.3.1.jar;C:\Users\Administrator\.m2\repository\org\skyscreamer\jsonassert\1.5.1\jsonassert-1.5.1.jar;C:\Users\Administrator\.m2\repository\com\vaadin\external\google\android-json\0.0.20131108.vaadin1\android-json-0.0.20131108.vaadin1.jar;C:\Users\Administrator\.m2\repository\org\springframework\spring-core\6.0.11\spring-core-6.0.11.jar;C:\Users\Administrator\.m2\repository\org\springframework\spring-jcl\6.0.11\spring-jcl-6.0.11.jar;C:\Users\Administrator\.m2\repository\org\springframework\spring-test\6.0.11\spring-test-6.0.11.jar;C:\Users\Administrator\.m2\repository\org\xmlunit\xmlunit-core\2.9.1\xmlunit-core-2.9.1.jar;C:\Users\Administrator\.m2\repository\org\junit\jupiter\junit-jupiter\5.11.0\junit-jupiter-5.11.0.jar;C:\Users\Administrator\.m2\repository\org\junit\jupiter\junit-jupiter-api\5.9.3\junit-jupiter-api-5.9.3.jar;C:\Users\Administrator\.m2\repository\org\opentest4j\opentest4j\1.2.0\opentest4j-1.2.0.jar;C:\Users\Administrator\.m2\repository\org\junit\platform\junit-platform-commons\1.9.3\junit-platform-commons-1.9.3.jar;C:\Users\Administrator\.m2\repository\org\junit\jupiter\junit-jupiter-params\5.9.3\junit-jupiter-params-5.9.3.jar;C:\Users\Administrator\.m2\repository\org\junit\jupiter\junit-jupiter-engine\5.9.3\junit-jupiter-engine-5.9.3.jar;C:\Users\Administrator\.m2\repository\org\junit\platform\junit-platform-engine\1.9.3\junit-platform-engine-1.9.3.jar;C:\Users\Administrator\.m2\repository\io\cucumber\cucumber-java\7.0.0\cucumber-java-7.0.0.jar;C:\Users\Administrator\.m2\repository\io\cucumber\cucumber-core\7.0.0\cucumber-core-7.0.0.jar;C:\Users\Administrator\.m2\repository\io\cucumber\cucumber-gherkin\7.0.0\cucumber-gherkin-7.0.0.jar;C:\Users\Administrator\.m2\repository\io\cucumber\cucumber-gherkin-messages\7.0.0\cucumber-gherkin-messages-7.0.0.jar;C:\Users\Administrator\.m2\repository\io\cucumber\messages\17.1.1\messages-17.1.1.jar;C:\Users\Administrator\.m2\repository\io\cucumber\tag-expressions\4.0.2\tag-expressions-4.0.2.jar;C:\Users\Administrator\.m2\repository\io\cucumber\cucumber-expressions\13.0.1\cucumber-expressions-13.0.1.jar;C:\Users\Administrator\.m2\repository\io\cucumber\datatable\7.0.0\datatable-7.0.0.jar;C:\Users\Administrator\.m2\repository\io\cucumber\cucumber-plugin\7.0.0\cucumber-plugin-7.0.0.jar;C:\Users\Administrator\.m2\repository\io\cucumber\docstring\7.0.0\docstring-7.0.0.jar;C:\Users\Administrator\.m2\repository\io\cucumber\html-formatter\17.0.0\html-formatter-17.0.0.jar;C:\Users\Administrator\.m2\repository\io\cucumber\create-meta\6.0.1\create-meta-6.0.1.jar;C:\Users\Administrator\.m2\repository\org\apiguardian\apiguardian-api\1.1.2\apiguardian-api-1.1.2.jar;C:\Users\Administrator\.m2\repository\io\cucumber\cucumber-junit\7.0.0\cucumber-junit-7.0.0.jar;C:\Users\Administrator\.m2\repository\junit\junit\4.13.2\junit-4.13.2.jar;C:\Users\Administrator\.m2\repository\org\hamcrest\hamcrest-core\2.2\hamcrest-core-2.2.jar;"/>
    <property name="sun.cpu.endian" value="little"/>
    <property name="user.home" value="C:\Users\Administrator"/>
    <property name="user.language" value="zh"/>
    <property name="java.specification.vendor" value="Oracle Corporation"/>
    <property name="java.version.date" value="2023-07-18"/>
    <property name="java.home" value="C:\Program Files (x86)\Java\jdk-20.0.2"/>
    <property name="file.separator" value="\"/>
    <property name="basedir" value="D:\下载\COMP4004\A3\backend"/>
    <property name="java.vm.compressedOopsMode" value="Zero based"/>
    <property name="line.separator" value="&#10;"/>
    <property name="java.vm.specification.vendor" value="Oracle Corporation"/>
    <property name="java.specification.name" value="Java Platform API Specification"/>
    <property name="surefire.real.class.path" value="B:\TEMP\surefire6022039999266566491\surefirebooter-20241201044634522_3.jar"/>
    <property name="user.script" value=""/>
    <property name="sun.management.compiler" value="HotSpot 64-Bit Tiered Compilers"/>
    <property name="java.runtime.version" value="20.0.2+9-78"/>
    <property name="user.name" value="Administrator"/>
    <property name="stdout.encoding" value="GBK"/>
    <property name="path.separator" value=";"/>
    <property name="os.version" value="10.0"/>
    <property name="java.runtime.name" value="Java(TM) SE Runtime Environment"/>
    <property name="file.encoding" value="UTF-8"/>
    <property name="java.vm.name" value="Java HotSpot(TM) 64-Bit Server VM"/>
    <property name="localRepository" value="C:\Users\Administrator\.m2\repository"/>
    <property name="java.vendor.url.bug" value="https://bugreport.java.com/bugreport/"/>
    <property name="java.io.tmpdir" value="B:\TEMP\"/>
    <property name="java.version" value="20.0.2"/>
    <property name="user.dir" value="D:\下载\COMP4004\A3\backend"/>
    <property name="os.arch" value="amd64"/>
    <property name="java.vm.specification.name" value="Java Virtual Machine Specification"/>
    <property name="sun.os.patch.level" value=""/>
    <property name="native.encoding" value="GBK"/>
    <property name="java.library.path" value="C:\Program Files (x86)\Java\jdk-20.0.2\bin;C:\Windows\Sun\Java\bin;C:\Windows\system32;C:\Windows;C:\Program Files (x86)\Java\jdk-20.0.2\bin;C:\Windows\system32;C:\Program Files (x86)\Common Files\Oracle\Java\javapath;C:\Windows;C:\Windows\System32\Wbem;C:\Windows\System32\WindowsPowerShell\v1.0\;C:\Windows\System32\OpenSSH\;C:\Program Files (x86)\NVIDIA Corporation\PhysX\Common;C:\msys64\mingw64\bin;C:\Program Files (x86)\Java\jdk-20.0.2;D:\Programs\sqlite;C:\Program Files\Git\cmd;D:\下载\COMP4003\;C:\Program Files\Microsoft SQL Server\150\Tools\Binn\;C:\Program Files\Microsoft SQL Server\120\Tools\Binn\;D:\new\;C:\ProgramData\chocolatey\bin;C:\Program Files\Maven\apache-maven-3.9.9\bin;C:\Users\Administrator\AppData\Local\Microsoft\WindowsApps;D:\LaTeX\miktex\bin\x64\;C:\ghcup\bin;D:\下载\COMP2801\IntelliJ IDEA 2023.2.1\bin;C:\Program Files\JetBrains\IntelliJ IDEA Community Edition 2024.2.0.2\bin;C:\Users\Administrator\AppData\Local\GitHubDesktop\bin;C:\Users\Administrator\AppData\Roaming\npm;C:\Users\Administrator\AppData\Local\Programs\Microsoft VS Code\bin;."/>
    <property name="java.vm.info" value="mixed mode, sharing"/>
    <property name="stderr.encoding" value="GBK"/>
    <property name="java.vendor" value="Oracle Corporation"/>
    <property name="java.vm.version" value="20.0.2+9-78"/>
    <property name="sun.io.unicode.encoding" value="UnicodeLittle"/>
    <property name="java.class.version" value="64.0"/>
  </properties>
  <testcase name="ATEST_001" classname="org.example.AcceptanceTest" time="0.093">
    <system-out><![CDATA[Welcome to the game!

current player: 1
 F(5)  F(5)  F(15)  F(15)  D(5)  S(10)  S(10)  H(10)  H(10)  B(15)  B(15)  L(20) 

 The game has drawn a Q4 card

 Do you want to sponsor the current task? Answer Y or N: 
P1, please leave the hot seat. Press <return> to continue...










current player: 2
 F(5)  F(5)  F(15)  F(15)  F(40)  D(5)  S(10)  H(10)  H(10)  B(15)  B(15)  E(30) 

 The game has drawn a Q4 card

 Do you want to sponsor the current task? Answer Y or N: 
P2 is sponsor 


current player: 2
stage : 1
 F(5)  F(5)  F(15)  F(15)  F(40)  D(5)  S(10)  H(10)  H(10)  B(15)  B(15)  E(30) 
Enter the card you want to play (e.g. S(10)): 

 The value of the cards used in this stage is 5 :  F(5) stage : 1
 F(5)  F(5)  F(15)  F(15)  F(40)  D(5)  S(10)  H(10)  H(10)  B(15)  B(15)  E(30) 
Enter the card you want to play (e.g. S(10)): 

 The value of the cards used in this stage is 15 :  F(5)  H(10) stage : 1
 F(5)  F(5)  F(15)  F(15)  F(40)  D(5)  S(10)  H(10)  H(10)  B(15)  B(15)  E(30) 
Enter the card you want to play (e.g. S(10)): 


current player: 2
stage : 2
 F(5)  F(5)  F(15)  F(15)  F(40)  D(5)  S(10)  H(10)  H(10)  B(15)  B(15)  E(30) 
Enter the card you want to play (e.g. S(10)): 

 The value of the cards used in this stage is 15 :  F(15) stage : 2
 F(5)  F(5)  F(15)  F(15)  F(40)  D(5)  S(10)  H(10)  H(10)  B(15)  B(15)  E(30) 
Enter the card you want to play (e.g. S(10)): 

 The value of the cards used in this stage is 25 :  F(15)  S(10) stage : 2
 F(5)  F(5)  F(15)  F(15)  F(40)  D(5)  S(10)  H(10)  H(10)  B(15)  B(15)  E(30) 
Enter the card you want to play (e.g. S(10)): 


current player: 2
stage : 3
 F(5)  F(5)  F(15)  F(15)  F(40)  D(5)  S(10)  H(10)  H(10)  B(15)  B(15)  E(30) 
Enter the card you want to play (e.g. S(10)): 

 The value of the cards used in this stage is 15 :  F(15) stage : 3
 F(5)  F(5)  F(15)  F(15)  F(40)  D(5)  S(10)  H(10)  H(10)  B(15)  B(15)  E(30) 
Enter the card you want to play (e.g. S(10)): 

 The value of the cards used in this stage is 20 :  F(15)  D(5) stage : 3
 F(5)  F(5)  F(15)  F(15)  F(40)  D(5)  S(10)  H(10)  H(10)  B(15)  B(15)  E(30) 
Enter the card you want to play (e.g. S(10)): 

 The value of the cards used in this stage is 35 :  F(15)  D(5)  B(15) stage : 3
 F(5)  F(5)  F(15)  F(15)  F(40)  D(5)  S(10)  H(10)  H(10)  B(15)  B(15)  E(30) 
Enter the card you want to play (e.g. S(10)): 


current player: 2
stage : 4
 F(5)  F(5)  F(15)  F(15)  F(40)  D(5)  S(10)  H(10)  H(10)  B(15)  B(15)  E(30) 
Enter the card you want to play (e.g. S(10)): 

 The value of the cards used in this stage is 40 :  F(40) stage : 4
 F(5)  F(5)  F(15)  F(15)  F(40)  D(5)  S(10)  H(10)  H(10)  B(15)  B(15)  E(30) 
Enter the card you want to play (e.g. S(10)): 

 The value of the cards used in this stage is 55 :  F(40)  B(15) stage : 4
 F(5)  F(5)  F(15)  F(15)  F(40)  D(5)  S(10)  H(10)  H(10)  B(15)  B(15)  E(30) 
Enter the card you want to play (e.g. S(10)): 
P2, please leave the hot seat. Press <return> to continue...










current player: 1
 F(5)  F(5)  F(15)  F(15)  D(5)  S(10)  S(10)  H(10)  H(10)  B(15)  B(15)  L(20) 

 Do you want to join the current task? Answer Y: 
Player 1 need remove 1 Cards
 F(5)  F(5)  F(15)  F(15)  F(30)  D(5)  S(10)  S(10)  H(10)  H(10)  B(15)  B(15)  L(20) 

 Enter the card you want to draw (e.g. S(10)) or position: 
You removed the card 
 F(5)
 F(5)  F(15)  F(15)  F(30)  D(5)  S(10)  S(10)  H(10)  H(10)  B(15)  B(15)  L(20) 
P3, please leave the hot seat. Press <return> to continue...










current player: 3
 F(5)  F(5)  F(5)  F(15)  D(5)  S(10)  S(10)  S(10)  H(10)  H(10)  B(15)  L(20) 

 Do you want to join the current task? Answer Y: 
Player 3 need remove 1 Cards
 F(5)  F(5)  F(5)  F(15)  D(5)  S(10)  S(10)  S(10)  S(10)  H(10)  H(10)  B(15)  L(20) 

 Enter the card you want to draw (e.g. S(10)) or position: 
You removed the card 
 F(5)
 F(5)  F(5)  F(15)  D(5)  S(10)  S(10)  S(10)  S(10)  H(10)  H(10)  B(15)  L(20) 
P4, please leave the hot seat. Press <return> to continue...










current player: 4
 F(5)  F(15)  F(15)  F(40)  D(5)  D(5)  S(10)  H(10)  H(10)  B(15)  L(20)  E(30) 

 Do you want to join the current task? Answer Y: 
Player 4 need remove 1 Cards
 F(5)  F(15)  F(15)  F(40)  D(5)  D(5)  S(10)  H(10)  H(10)  B(15)  B(15)  L(20)  E(30) 

 Enter the card you want to draw (e.g. S(10)) or position: 
You removed the card 
 F(5)
 F(15)  F(15)  F(40)  D(5)  D(5)  S(10)  H(10)  H(10)  B(15)  B(15)  L(20)  E(30) 
P1, please leave the hot seat. Press <return> to continue...










current player: 1
 F(5)  F(15)  F(15)  F(30)  D(5)  S(10)  S(10)  H(10)  H(10)  B(15)  B(15)  L(20) 

stage : 1
 Enter the card you want to play (e.g. S(10)): D(5) 

 The value of the cards used in this stage is 5 : D(5)  F(5)  F(15)  F(15)  F(30)  D(5)  S(10)  S(10)  H(10)  H(10)  B(15)  B(15)  L(20) 

stage : 1
 Enter the card you want to play (e.g. S(10)): S(10) 

 The value of the cards used in this stage is 15 : D(5) S(10)  F(5)  F(15)  F(15)  F(30)  D(5)  S(10)  S(10)  H(10)  H(10)  B(15)  B(15)  L(20) 

stage : 1
 Enter the card you want to play (e.g. S(10)): 
 The value of the cards used in this stage is 15 : D(5) S(10) 
 current stage win 

current player: 3
 F(5)  F(5)  F(15)  D(5)  S(10)  S(10)  S(10)  S(10)  H(10)  H(10)  B(15)  L(20) 

stage : 1
 Enter the card you want to play (e.g. S(10)): S(10) 

 The value of the cards used in this stage is 10 : S(10)  F(5)  F(5)  F(15)  D(5)  S(10)  S(10)  S(10)  S(10)  H(10)  H(10)  B(15)  L(20) 

stage : 1
 Enter the card you want to play (e.g. S(10)): D(5) 

 The value of the cards used in this stage is 15 : S(10) D(5)  F(5)  F(5)  F(15)  D(5)  S(10)  S(10)  S(10)  S(10)  H(10)  H(10)  B(15)  L(20) 

stage : 1
 Enter the card you want to play (e.g. S(10)): 
 The value of the cards used in this stage is 15 : S(10) D(5) 
 current stage win 

current player: 4
 F(15)  F(15)  F(40)  D(5)  D(5)  S(10)  H(10)  H(10)  B(15)  B(15)  L(20)  E(30) 

stage : 1
 Enter the card you want to play (e.g. S(10)): D(5) 

 The value of the cards used in this stage is 5 : D(5)  F(15)  F(15)  F(40)  D(5)  D(5)  S(10)  H(10)  H(10)  B(15)  B(15)  L(20)  E(30) 

stage : 1
 Enter the card you want to play (e.g. S(10)): H(10) 

 The value of the cards used in this stage is 15 : D(5) H(10)  F(15)  F(15)  F(40)  D(5)  D(5)  S(10)  H(10)  H(10)  B(15)  B(15)  L(20)  E(30) 

stage : 1
 Enter the card you want to play (e.g. S(10)): 
 The value of the cards used in this stage is 15 : D(5) H(10) 
 current stage win 

current player: 1
 F(5)  F(15)  F(15)  F(30)  S(10)  H(10)  H(10)  B(15)  B(15)  L(20) 

 Do you want to join the current task? Answer Y: 
P3, please leave the hot seat. Press <return> to continue...










current player: 3
 F(5)  F(5)  F(15)  S(10)  S(10)  S(10)  H(10)  H(10)  B(15)  L(20) 

 Do you want to join the current task? Answer Y: 
P4, please leave the hot seat. Press <return> to continue...










current player: 4
 F(15)  F(15)  F(40)  D(5)  S(10)  H(10)  B(15)  B(15)  L(20)  E(30) 

 Do you want to join the current task? Answer Y: 
P1, please leave the hot seat. Press <return> to continue...










current player: 1
 F(5)  F(10)  F(15)  F(15)  F(30)  S(10)  H(10)  H(10)  B(15)  B(15)  L(20) 

stage : 2
 Enter the card you want to play (e.g. S(10)): H(10) 

 The value of the cards used in this stage is 10 : H(10)  F(5)  F(10)  F(15)  F(15)  F(30)  S(10)  H(10)  H(10)  B(15)  B(15)  L(20) 

stage : 2
 Enter the card you want to play (e.g. S(10)): S(10) 

 The value of the cards used in this stage is 20 : H(10) S(10)  F(5)  F(10)  F(15)  F(15)  F(30)  S(10)  H(10)  H(10)  B(15)  B(15)  L(20) 

stage : 2
 Enter the card you want to play (e.g. S(10)): 
 The value of the cards used in this stage is 20 : H(10) S(10) 
 current stage fail 

current player: 3
 F(5)  F(5)  F(15)  S(10)  S(10)  S(10)  H(10)  H(10)  B(15)  L(20)  L(20) 

stage : 2
 Enter the card you want to play (e.g. S(10)): B(15) 

 The value of the cards used in this stage is 15 : B(15)  F(5)  F(5)  F(15)  S(10)  S(10)  S(10)  H(10)  H(10)  B(15)  L(20)  L(20) 

stage : 2
 Enter the card you want to play (e.g. S(10)): S(10) 

 The value of the cards used in this stage is 25 : B(15) S(10)  F(5)  F(5)  F(15)  S(10)  S(10)  S(10)  H(10)  H(10)  B(15)  L(20)  L(20) 

stage : 2
 Enter the card you want to play (e.g. S(10)): 
 The value of the cards used in this stage is 25 : B(15) S(10) 
 current stage win 

current player: 4
 F(15)  F(15)  F(40)  D(5)  S(10)  H(10)  B(15)  B(15)  L(20)  L(20)  E(30) 

stage : 2
 Enter the card you want to play (e.g. S(10)): H(10) 

 The value of the cards used in this stage is 10 : H(10)  F(15)  F(15)  F(40)  D(5)  S(10)  H(10)  B(15)  B(15)  L(20)  L(20)  E(30) 

stage : 2
 Enter the card you want to play (e.g. S(10)): B(15) 

 The value of the cards used in this stage is 25 : H(10) B(15)  F(15)  F(15)  F(40)  D(5)  S(10)  H(10)  B(15)  B(15)  L(20)  L(20)  E(30) 

stage : 2
 Enter the card you want to play (e.g. S(10)): 
 The value of the cards used in this stage is 25 : H(10) B(15) 
 current stage win 

current player: 3
 F(5)  F(5)  F(15)  S(10)  S(10)  H(10)  H(10)  L(20)  L(20) 

 Do you want to join the current task? Answer Y: 
P4, please leave the hot seat. Press <return> to continue...










current player: 4
 F(15)  F(15)  F(40)  D(5)  S(10)  B(15)  L(20)  L(20)  E(30) 

 Do you want to join the current task? Answer Y: 
P3, please leave the hot seat. Press <return> to continue...










current player: 3
 F(5)  F(5)  F(15)  S(10)  S(10)  H(10)  H(10)  B(15)  L(20)  L(20) 

stage : 3
 Enter the card you want to play (e.g. S(10)): L(20) 

 The value of the cards used in this stage is 20 : L(20)  F(5)  F(5)  F(15)  S(10)  S(10)  H(10)  H(10)  B(15)  L(20)  L(20) 

stage : 3
 Enter the card you want to play (e.g. S(10)): H(10) 

 The value of the cards used in this stage is 30 : L(20) H(10)  F(5)  F(5)  F(15)  S(10)  S(10)  H(10)  H(10)  B(15)  L(20)  L(20) 

stage : 3
 Enter the card you want to play (e.g. S(10)): S(10) 

 The value of the cards used in this stage is 40 : L(20) H(10) S(10)  F(5)  F(5)  F(15)  S(10)  S(10)  H(10)  H(10)  B(15)  L(20)  L(20) 

stage : 3
 Enter the card you want to play (e.g. S(10)): 
 The value of the cards used in this stage is 40 : L(20) H(10) S(10) 
 current stage win 

current player: 4
 F(15)  F(15)  F(40)  D(5)  S(10)  S(10)  B(15)  L(20)  L(20)  E(30) 

stage : 3
 Enter the card you want to play (e.g. S(10)): B(15) 

 The value of the cards used in this stage is 15 : B(15)  F(15)  F(15)  F(40)  D(5)  S(10)  S(10)  B(15)  L(20)  L(20)  E(30) 

stage : 3
 Enter the card you want to play (e.g. S(10)): S(10) 

 The value of the cards used in this stage is 25 : B(15) S(10)  F(15)  F(15)  F(40)  D(5)  S(10)  S(10)  B(15)  L(20)  L(20)  E(30) 

stage : 3
 Enter the card you want to play (e.g. S(10)): L(20) 

 The value of the cards used in this stage is 45 : B(15) S(10) L(20)  F(15)  F(15)  F(40)  D(5)  S(10)  S(10)  B(15)  L(20)  L(20)  E(30) 

stage : 3
 Enter the card you want to play (e.g. S(10)): 
 The value of the cards used in this stage is 45 : B(15) S(10) L(20) 
 current stage win 

current player: 3
 F(5)  F(5)  F(15)  S(10)  H(10)  B(15)  L(20) 

 Do you want to join the current task? Answer Y: 
P4, please leave the hot seat. Press <return> to continue...










current player: 4
 F(15)  F(15)  F(40)  D(5)  S(10)  L(20)  E(30) 

 Do you want to join the current task? Answer Y: 
P3, please leave the hot seat. Press <return> to continue...










current player: 3
 F(5)  F(5)  F(15)  F(30)  S(10)  H(10)  B(15)  L(20) 

stage : 4
 Enter the card you want to play (e.g. S(10)): B(15) 

 The value of the cards used in this stage is 15 : B(15)  F(5)  F(5)  F(15)  F(30)  S(10)  H(10)  B(15)  L(20) 

stage : 4
 Enter the card you want to play (e.g. S(10)): H(10) 

 The value of the cards used in this stage is 25 : B(15) H(10)  F(5)  F(5)  F(15)  F(30)  S(10)  H(10)  B(15)  L(20) 

stage : 4
 Enter the card you want to play (e.g. S(10)): L(20) 

 The value of the cards used in this stage is 45 : B(15) H(10) L(20)  F(5)  F(5)  F(15)  F(30)  S(10)  H(10)  B(15)  L(20) 

stage : 4
 Enter the card you want to play (e.g. S(10)): 
 The value of the cards used in this stage is 45 : B(15) H(10) L(20) 
 current stage fail 

current player: 4
 F(15)  F(15)  F(40)  D(5)  S(10)  L(20)  L(20)  E(30) 

stage : 4
 Enter the card you want to play (e.g. S(10)): D(5) 

 The value of the cards used in this stage is 5 : D(5)  F(15)  F(15)  F(40)  D(5)  S(10)  L(20)  L(20)  E(30) 

stage : 4
 Enter the card you want to play (e.g. S(10)): S(10) 

 The value of the cards used in this stage is 15 : D(5) S(10)  F(15)  F(15)  F(40)  D(5)  S(10)  L(20)  L(20)  E(30) 

stage : 4
 Enter the card you want to play (e.g. S(10)): L(20) 

 The value of the cards used in this stage is 35 : D(5) S(10) L(20)  F(15)  F(15)  F(40)  D(5)  S(10)  L(20)  L(20)  E(30) 

stage : 4
 Enter the card you want to play (e.g. S(10)): E(30) 

 The value of the cards used in this stage is 65 : D(5) S(10) L(20) E(30)  F(15)  F(15)  F(40)  D(5)  S(10)  L(20)  L(20)  E(30) 

stage : 4
 Enter the card you want to play (e.g. S(10)): 
 The value of the cards used in this stage is 65 : D(5) S(10) L(20) E(30) 
 current stage win 

current player: 2
Player 2 need remove 4 Cards
 F(5)  F(5)  F(10)  F(25)  F(35)  F(40)  D(5)  S(10)  S(10)  H(10)  H(10)  H(10)  H(10)  B(15)  L(20)  E(30) 

 Enter the card you want to draw (e.g. S(10)) or position: 
You removed the card: 
 F(5)

Player 2 need remove 3 Cards
 F(5)  F(10)  F(25)  F(35)  F(40)  D(5)  S(10)  S(10)  H(10)  H(10)  H(10)  H(10)  B(15)  L(20)  E(30) 

 Enter the card you want to draw (e.g. S(10)) or position: 
You removed the card: 
 F(5)

Player 2 need remove 2 Cards
 F(10)  F(25)  F(35)  F(40)  D(5)  S(10)  S(10)  H(10)  H(10)  H(10)  H(10)  B(15)  L(20)  E(30) 

 Enter the card you want to draw (e.g. S(10)) or position: 
You removed the card: 
 F(10)

Player 2 need remove 1 Cards
 F(25)  F(35)  F(40)  D(5)  S(10)  S(10)  H(10)  H(10)  H(10)  H(10)  B(15)  L(20)  E(30) 

 Enter the card you want to draw (e.g. S(10)) or position: 
You removed the card: 
 F(25)

]]></system-out>
  </testcase>
</testsuite>